[debug] [2025-04-13T20:47:03.920Z] ----------------------------------------------------------------------
[debug] [2025-04-13T20:47:03.922Z] Command:       C:\Program Files\nodejs\node.exe C:\Users\kibri\AppData\Roaming\npm\node_modules\firebase-tools\lib\bin\firebase.js deploy --only functions --debug
[debug] [2025-04-13T20:47:03.923Z] CLI Version:   14.1.0
[debug] [2025-04-13T20:47:03.923Z] Platform:      win32
[debug] [2025-04-13T20:47:03.923Z] Node Version:  v22.14.0
[debug] [2025-04-13T20:47:03.923Z] Time:          Sun Apr 13 2025 21:47:03 GMT+0100 (British Summer Time)
[debug] [2025-04-13T20:47:03.923Z] ----------------------------------------------------------------------
[debug] 
[debug] [2025-04-13T20:47:04.109Z] Object "/functions" in "firebase.json" has unknown property: {"additionalProperty":"retryCount"}
[debug] [2025-04-13T20:47:04.110Z] Field "/functions" in "firebase.json" is possibly invalid: must be array
[debug] [2025-04-13T20:47:04.111Z] Field "/functions" in "firebase.json" is possibly invalid: must match a schema in anyOf
[debug] [2025-04-13T20:47:04.115Z] > command requires scopes: ["email","openid","https://www.googleapis.com/auth/cloudplatformprojects.readonly","https://www.googleapis.com/auth/firebase","https://www.googleapis.com/auth/cloud-platform"]
[debug] [2025-04-13T20:47:04.115Z] > authorizing via signed-in user (learnictweb@gmail.com)
[debug] [2025-04-13T20:47:04.116Z] [iam] checking project codefez-github-site for permissions ["cloudfunctions.functions.create","cloudfunctions.functions.delete","cloudfunctions.functions.get","cloudfunctions.functions.list","cloudfunctions.functions.update","cloudfunctions.operations.get","firebase.projects.get"]
[debug] [2025-04-13T20:47:04.117Z] Checked if tokens are valid: true, expires at: 1744580026955
[debug] [2025-04-13T20:47:04.118Z] Checked if tokens are valid: true, expires at: 1744580026955
[debug] [2025-04-13T20:47:04.119Z] >>> [apiv2][query] POST https://cloudresourcemanager.googleapis.com/v1/projects/codefez-github-site:testIamPermissions [none]
[debug] [2025-04-13T20:47:04.119Z] >>> [apiv2][(partial)header] POST https://cloudresourcemanager.googleapis.com/v1/projects/codefez-github-site:testIamPermissions x-goog-quota-user=projects/codefez-github-site
[debug] [2025-04-13T20:47:04.120Z] >>> [apiv2][body] POST https://cloudresourcemanager.googleapis.com/v1/projects/codefez-github-site:testIamPermissions {"permissions":["cloudfunctions.functions.create","cloudfunctions.functions.delete","cloudfunctions.functions.get","cloudfunctions.functions.list","cloudfunctions.functions.update","cloudfunctions.operations.get","firebase.projects.get"]}
[debug] [2025-04-13T20:47:04.323Z] <<< [apiv2][status] POST https://cloudresourcemanager.googleapis.com/v1/projects/codefez-github-site:testIamPermissions 200
[debug] [2025-04-13T20:47:04.324Z] <<< [apiv2][body] POST https://cloudresourcemanager.googleapis.com/v1/projects/codefez-github-site:testIamPermissions {"permissions":["cloudfunctions.functions.create","cloudfunctions.functions.delete","cloudfunctions.functions.get","cloudfunctions.functions.list","cloudfunctions.functions.update","cloudfunctions.operations.get","firebase.projects.get"]}
[debug] [2025-04-13T20:47:04.324Z] Checked if tokens are valid: true, expires at: 1744580026955
[debug] [2025-04-13T20:47:04.325Z] Checked if tokens are valid: true, expires at: 1744580026955
[debug] [2025-04-13T20:47:04.325Z] >>> [apiv2][query] POST https://iam.googleapis.com/v1/projects/codefez-github-site/serviceAccounts/codefez-github-site@appspot.gserviceaccount.com:testIamPermissions [none]
[debug] [2025-04-13T20:47:04.325Z] >>> [apiv2][body] POST https://iam.googleapis.com/v1/projects/codefez-github-site/serviceAccounts/codefez-github-site@appspot.gserviceaccount.com:testIamPermissions {"permissions":["iam.serviceAccounts.actAs"]}
[debug] [2025-04-13T20:47:04.916Z] <<< [apiv2][status] POST https://iam.googleapis.com/v1/projects/codefez-github-site/serviceAccounts/codefez-github-site@appspot.gserviceaccount.com:testIamPermissions 200
[debug] [2025-04-13T20:47:04.917Z] <<< [apiv2][body] POST https://iam.googleapis.com/v1/projects/codefez-github-site/serviceAccounts/codefez-github-site@appspot.gserviceaccount.com:testIamPermissions {"permissions":["iam.serviceAccounts.actAs"]}
[info] 
[info] === Deploying to 'codefez-github-site'...
[info] 
[info] i  deploying functions 
[debug] [2025-04-13T20:47:04.919Z] Checked if tokens are valid: true, expires at: 1744580026955
[debug] [2025-04-13T20:47:04.920Z] Checked if tokens are valid: true, expires at: 1744580026955
[debug] [2025-04-13T20:47:04.920Z] >>> [apiv2][query] GET https://cloudresourcemanager.googleapis.com/v1/projects/codefez-github-site [none]
[debug] [2025-04-13T20:47:05.094Z] <<< [apiv2][status] GET https://cloudresourcemanager.googleapis.com/v1/projects/codefez-github-site 200
[debug] [2025-04-13T20:47:05.095Z] <<< [apiv2][body] GET https://cloudresourcemanager.googleapis.com/v1/projects/codefez-github-site {"projectNumber":"534806090723","projectId":"codefez-github-site","lifecycleState":"ACTIVE","name":"codefez github site","labels":{"firebase":"enabled","firebase-core":"disabled"},"createTime":"2025-01-31T10:25:28.856456Z"}
[info] i  functions: preparing codebase default for deployment 
[info] i  functions: ensuring required API cloudfunctions.googleapis.com is enabled... 
[debug] [2025-04-13T20:47:05.096Z] Checked if tokens are valid: true, expires at: 1744580026955
[debug] [2025-04-13T20:47:05.096Z] Checked if tokens are valid: true, expires at: 1744580026955
[debug] [2025-04-13T20:47:05.096Z] Checked if tokens are valid: true, expires at: 1744580026955
[debug] [2025-04-13T20:47:05.096Z] Checked if tokens are valid: true, expires at: 1744580026955
[info] i  functions: ensuring required API cloudbuild.googleapis.com is enabled... 
[debug] [2025-04-13T20:47:05.097Z] Checked if tokens are valid: true, expires at: 1744580026955
[debug] [2025-04-13T20:47:05.097Z] Checked if tokens are valid: true, expires at: 1744580026955
[info] i  artifactregistry: ensuring required API artifactregistry.googleapis.com is enabled... 
[debug] [2025-04-13T20:47:05.097Z] Checked if tokens are valid: true, expires at: 1744580026955
[debug] [2025-04-13T20:47:05.097Z] Checked if tokens are valid: true, expires at: 1744580026955
[debug] [2025-04-13T20:47:05.097Z] >>> [apiv2][query] GET https://serviceusage.googleapis.com/v1/projects/codefez-github-site/services/cloudfunctions.googleapis.com [none]
[debug] [2025-04-13T20:47:05.098Z] >>> [apiv2][(partial)header] GET https://serviceusage.googleapis.com/v1/projects/codefez-github-site/services/cloudfunctions.googleapis.com x-goog-quota-user=projects/codefez-github-site
[debug] [2025-04-13T20:47:05.099Z] >>> [apiv2][query] GET https://serviceusage.googleapis.com/v1/projects/codefez-github-site/services/runtimeconfig.googleapis.com [none]
[debug] [2025-04-13T20:47:05.099Z] >>> [apiv2][(partial)header] GET https://serviceusage.googleapis.com/v1/projects/codefez-github-site/services/runtimeconfig.googleapis.com x-goog-quota-user=projects/codefez-github-site
[debug] [2025-04-13T20:47:05.100Z] >>> [apiv2][query] GET https://serviceusage.googleapis.com/v1/projects/codefez-github-site/services/cloudbuild.googleapis.com [none]
[debug] [2025-04-13T20:47:05.100Z] >>> [apiv2][(partial)header] GET https://serviceusage.googleapis.com/v1/projects/codefez-github-site/services/cloudbuild.googleapis.com x-goog-quota-user=projects/codefez-github-site
[debug] [2025-04-13T20:47:05.101Z] >>> [apiv2][query] GET https://serviceusage.googleapis.com/v1/projects/codefez-github-site/services/artifactregistry.googleapis.com [none]
[debug] [2025-04-13T20:47:05.101Z] >>> [apiv2][(partial)header] GET https://serviceusage.googleapis.com/v1/projects/codefez-github-site/services/artifactregistry.googleapis.com x-goog-quota-user=projects/codefez-github-site
[debug] [2025-04-13T20:47:05.852Z] <<< [apiv2][status] GET https://serviceusage.googleapis.com/v1/projects/codefez-github-site/services/cloudfunctions.googleapis.com 200
[debug] [2025-04-13T20:47:05.853Z] <<< [apiv2][body] GET https://serviceusage.googleapis.com/v1/projects/codefez-github-site/services/cloudfunctions.googleapis.com [omitted]
[info] +  functions: required API cloudfunctions.googleapis.com is enabled 
[debug] [2025-04-13T20:47:05.866Z] <<< [apiv2][status] GET https://serviceusage.googleapis.com/v1/projects/codefez-github-site/services/cloudbuild.googleapis.com 200
[debug] [2025-04-13T20:47:05.866Z] <<< [apiv2][body] GET https://serviceusage.googleapis.com/v1/projects/codefez-github-site/services/cloudbuild.googleapis.com [omitted]
[info] +  functions: required API cloudbuild.googleapis.com is enabled 
[debug] [2025-04-13T20:47:05.870Z] <<< [apiv2][status] GET https://serviceusage.googleapis.com/v1/projects/codefez-github-site/services/artifactregistry.googleapis.com 200
[debug] [2025-04-13T20:47:05.871Z] <<< [apiv2][body] GET https://serviceusage.googleapis.com/v1/projects/codefez-github-site/services/artifactregistry.googleapis.com [omitted]
[info] +  artifactregistry: required API artifactregistry.googleapis.com is enabled 
[debug] [2025-04-13T20:47:05.873Z] <<< [apiv2][status] GET https://serviceusage.googleapis.com/v1/projects/codefez-github-site/services/runtimeconfig.googleapis.com 200
[debug] [2025-04-13T20:47:05.874Z] <<< [apiv2][body] GET https://serviceusage.googleapis.com/v1/projects/codefez-github-site/services/runtimeconfig.googleapis.com [omitted]
[debug] [2025-04-13T20:47:05.874Z] Checked if tokens are valid: true, expires at: 1744580026955
[debug] [2025-04-13T20:47:05.874Z] Checked if tokens are valid: true, expires at: 1744580026955
[debug] [2025-04-13T20:47:05.874Z] >>> [apiv2][query] GET https://firebase.googleapis.com/v1beta1/projects/codefez-github-site/adminSdkConfig [none]
[debug] [2025-04-13T20:47:06.085Z] <<< [apiv2][status] GET https://firebase.googleapis.com/v1beta1/projects/codefez-github-site/adminSdkConfig 200
[debug] [2025-04-13T20:47:06.085Z] <<< [apiv2][body] GET https://firebase.googleapis.com/v1beta1/projects/codefez-github-site/adminSdkConfig {"projectId":"codefez-github-site","databaseURL":"https://codefez-github-site-default-rtdb.europe-west1.firebasedatabase.app","storageBucket":"codefez-github-site.firebasestorage.app"}
[debug] [2025-04-13T20:47:06.086Z] Checked if tokens are valid: true, expires at: 1744580026955
[debug] [2025-04-13T20:47:06.086Z] Checked if tokens are valid: true, expires at: 1744580026955
[debug] [2025-04-13T20:47:06.087Z] >>> [apiv2][query] GET https://runtimeconfig.googleapis.com/v1beta1/projects/codefez-github-site/configs [none]
[debug] [2025-04-13T20:47:06.312Z] <<< [apiv2][status] GET https://runtimeconfig.googleapis.com/v1beta1/projects/codefez-github-site/configs 200
[debug] [2025-04-13T20:47:06.312Z] <<< [apiv2][body] GET https://runtimeconfig.googleapis.com/v1beta1/projects/codefez-github-site/configs {}
[debug] [2025-04-13T20:47:06.314Z] Validating nodejs source
[warn] !  functions: package.json indicates an outdated version of firebase-functions. Please upgrade using npm install --save firebase-functions@latest in your functions directory. 
[warn] !  functions: Please note that there will be breaking changes when you upgrade. 
[debug] [2025-04-13T20:47:07.289Z] > [functions] package.json contents: {
  "name": "functions",
  "engines": {
    "node": "20"
  },
  "main": "index.js",
  "scripts": {
    "lint": "eslint . --fix",
    "serve": "firebase emulators:start --only functions",
    "shell": "firebase functions:shell",
    "start": "npm run shell",
    "deploy": "firebase deploy --only functions",
    "logs": "firebase functions:log"
  },
  "dependencies": {
    "cors": "^2.8.5",
    "firebase-admin": "11.11.1",
    "firebase-functions": "3.23.0"
  },
  "devDependencies": {
    "eslint": "^9.24.0",
    "eslint-config-google": "^0.14.0",
    "globals": "^16.0.0"
  },
  "private": true
}
[debug] [2025-04-13T20:47:07.289Z] Building nodejs source
[info] i  functions: Loading and analyzing source code for codebase default to determine what to deploy 
[info] i  functions: You are using a version of firebase-functions SDK (3.23.0) that does not have support for the newest Firebase Extensions features. Please update firebase-functions SDK to >=5.1.0 to use them correctly 
[debug] [2025-04-13T20:47:07.290Z] Could not find functions.yaml. Must use http discovery
[debug] [2025-04-13T20:47:07.309Z] Found firebase-functions binary at 'D:\Code\code-fez\functions\node_modules\.bin\firebase-functions'
[info] Serving at port 8375

[debug] [2025-04-13T20:47:08.198Z] Got response from /__/functions.yaml {"endpoints":{"handleCounter":{"platform":"gcfv1","labels":{},"region":["europe-west1"],"callableTrigger":{},"entryPoint":"handleCounter"}},"specVersion":"v1alpha1","requiredAPIs":[]}
[info] shutdown requested via /__/quitquitquit

[info] i  functions: preparing functions directory for uploading... 
[info] i  functions: packaged D:\Code\code-fez\functions (47.28 KB) for uploading 
[debug] [2025-04-13T20:47:12.258Z] Checked if tokens are valid: true, expires at: 1744580026955
[debug] [2025-04-13T20:47:12.258Z] Checked if tokens are valid: true, expires at: 1744580026955
[debug] [2025-04-13T20:47:12.259Z] >>> [apiv2][query] GET https://cloudfunctions.googleapis.com/v1/projects/codefez-github-site/locations/-/functions [none]
[debug] [2025-04-13T20:47:12.852Z] <<< [apiv2][status] GET https://cloudfunctions.googleapis.com/v1/projects/codefez-github-site/locations/-/functions 200
[debug] [2025-04-13T20:47:12.853Z] <<< [apiv2][body] GET https://cloudfunctions.googleapis.com/v1/projects/codefez-github-site/locations/-/functions {}
[debug] [2025-04-13T20:47:12.853Z] Checked if tokens are valid: true, expires at: 1744580026955
[debug] [2025-04-13T20:47:12.853Z] Checked if tokens are valid: true, expires at: 1744580026955
[debug] [2025-04-13T20:47:12.854Z] >>> [apiv2][query] GET https://cloudfunctions.googleapis.com/v2/projects/codefez-github-site/locations/-/functions filter=environment%3D%22GEN_2%22
[debug] [2025-04-13T20:47:13.795Z] <<< [apiv2][status] GET https://cloudfunctions.googleapis.com/v2/projects/codefez-github-site/locations/-/functions 200
[debug] [2025-04-13T20:47:13.796Z] <<< [apiv2][body] GET https://cloudfunctions.googleapis.com/v2/projects/codefez-github-site/locations/-/functions {"functions":[{"name":"projects/codefez-github-site/locations/us-central1/functions/handleCounter","buildConfig":{"build":"projects/534806090723/locations/us-central1/builds/852c92af-cd83-44b1-b814-447a701befb2","runtime":"nodejs20","entryPoint":"handleCounter","source":{"storageSource":{"bucket":"gcf-v2-sources-534806090723-us-central1","object":"handleCounter/function-source.zip","generation":"1744301659375027"}},"environmentVariables":{"GOOGLE_NODE_RUN_SCRIPTS":""},"dockerRepository":"projects/codefez-github-site/locations/us-central1/repositories/gcf-artifacts","sourceProvenance":{"resolvedStorageSource":{"bucket":"gcf-v2-sources-534806090723-us-central1","object":"handleCounter/function-source.zip","generation":"1744301659375027"}},"dockerRegistry":"ARTIFACT_REGISTRY","serviceAccount":"projects/codefez-github-site/serviceAccounts/534806090723-compute@developer.gserviceaccount.com","automaticUpdatePolicy":{}},"serviceConfig":{"service":"projects/codefez-github-site/locations/us-central1/services/handlecounter","timeoutSeconds":60,"environmentVariables":{"FIREBASE_CONFIG":"{\"projectId\":\"codefez-github-site\",\"databaseURL\":\"https://codefez-github-site-default-rtdb.europe-west1.firebasedatabase.app\",\"storageBucket\":\"codefez-github-site.firebasestorage.app\"}","GCLOUD_PROJECT":"codefez-github-site","EVENTARC_CLOUD_EVENT_SOURCE":"projects/codefez-github-site/locations/us-central1/services/handleCounter","FUNCTION_TARGET":"handleCounter","LOG_EXECUTION_ID":"true"},"maxInstanceCount":100,"ingressSettings":"ALLOW_ALL","uri":"https://handlecounter-g3bubu62wq-uc.a.run.app","serviceAccountEmail":"534806090723-compute@developer.gserviceaccount.com","availableMemory":"256Mi","allTrafficOnLatestRevision":true,"revision":"handlecounter-00002-sug","maxInstanceRequestConcurrency":80,"availableCpu":"1"},"state":"ACTIVE","updateTime":"2025-04-10T16:15:18.997742163Z","labels":{"deployment-tool":"cli-firebase","deployment-callable":"true","firebase-functions-hash":"c12cfd894fe9ce5c66dc38e7185bba6ce53aa4a1"},"environment":"GEN_2","url":"https://us-central1-codefez-github-site.cloudfunctions.net/handleCounter","createTime":"2025-04-10T16:04:28.975503894Z","satisfiesPzi":true}]}
[debug] [2025-04-13T20:47:13.799Z] Checked if tokens are valid: true, expires at: 1744580026955
[debug] [2025-04-13T20:47:13.799Z] Checked if tokens are valid: true, expires at: 1744580026955
[debug] [2025-04-13T20:47:13.799Z] >>> [apiv2][query] GET https://cloudresourcemanager.googleapis.com/v1/projects/codefez-github-site [none]
[debug] [2025-04-13T20:47:14.409Z] <<< [apiv2][status] GET https://cloudresourcemanager.googleapis.com/v1/projects/codefez-github-site 200
[debug] [2025-04-13T20:47:14.410Z] <<< [apiv2][body] GET https://cloudresourcemanager.googleapis.com/v1/projects/codefez-github-site {"projectNumber":"534806090723","projectId":"codefez-github-site","lifecycleState":"ACTIVE","name":"codefez github site","labels":{"firebase":"enabled","firebase-core":"disabled"},"createTime":"2025-01-31T10:25:28.856456Z"}
[debug] [2025-04-13T20:47:14.411Z] Checked if tokens are valid: true, expires at: 1744580026955
[debug] [2025-04-13T20:47:14.411Z] Checked if tokens are valid: true, expires at: 1744580026955
[debug] [2025-04-13T20:47:14.411Z] >>> [apiv2][query] POST https://cloudfunctions.googleapis.com/v1/projects/codefez-github-site/locations/europe-west1/functions:generateUploadUrl [none]
[debug] [2025-04-13T20:47:14.412Z] >>> [apiv2][body] POST https://cloudfunctions.googleapis.com/v1/projects/codefez-github-site/locations/europe-west1/functions:generateUploadUrl {}
[debug] [2025-04-13T20:47:15.409Z] <<< [apiv2][status] POST https://cloudfunctions.googleapis.com/v1/projects/codefez-github-site/locations/europe-west1/functions:generateUploadUrl 200
[debug] [2025-04-13T20:47:15.409Z] <<< [apiv2][body] POST https://cloudfunctions.googleapis.com/v1/projects/codefez-github-site/locations/europe-west1/functions:generateUploadUrl {"uploadUrl":"https://storage.googleapis.com/uploads-914583875249.europe-west1.cloudfunctions.appspot.com/6c69c83f-af2e-45ea-89ad-1b77d7c305f0.zip?GoogleAccessId=service-534806090723@gcf-admin-robot.iam.gserviceaccount.com&Expires=1744578936&Signature=mntDIra%2Fy27JKvjvkgW9I1WpY7hR70EvtLdOFgu%2BvdxbrZ101O9UQg5%2FDekVFawc%2F2xPno%2BpIuwHFhHE1PgwBYi1v23T4%2FOpRNOIN6CJ1te7GOsVFsiq%2BAB4RNyQWcWqSDnDWBmMM1Gu%2FKRtVDcCoo5u3vkQAtq5XmJuJvWFRgXv3DDGzGhCsAGOEMa9cWmkV33pW11aDKkRfqC6MKiwpcEHwNI53Aqb98a%2BUgD1d67oCAD8Se3kwMImz4JJ7Zj4Q2zD8f34biU%2BabZQPIalsErhAaEni8hUMVMPtnAl1X4DtXT9ZDZDPORiiaKuipUErMEAYRliKZA861vn65nvWw%3D%3D"}
[debug] [2025-04-13T20:47:15.410Z] >>> [apiv2][query] PUT https://storage.googleapis.com/uploads-914583875249.europe-west1.cloudfunctions.appspot.com/6c69c83f-af2e-45ea-89ad-1b77d7c305f0.zip GoogleAccessId=service-534806090723%40gcf-admin-robot.iam.gserviceaccount.com&Expires=1744578936&Signature=mntDIra%2Fy27JKvjvkgW9I1WpY7hR70EvtLdOFgu%2BvdxbrZ101O9UQg5%2FDekVFawc%2F2xPno%2BpIuwHFhHE1PgwBYi1v23T4%2FOpRNOIN6CJ1te7GOsVFsiq%2BAB4RNyQWcWqSDnDWBmMM1Gu%2FKRtVDcCoo5u3vkQAtq5XmJuJvWFRgXv3DDGzGhCsAGOEMa9cWmkV33pW11aDKkRfqC6MKiwpcEHwNI53Aqb98a%2BUgD1d67oCAD8Se3kwMImz4JJ7Zj4Q2zD8f34biU%2BabZQPIalsErhAaEni8hUMVMPtnAl1X4DtXT9ZDZDPORiiaKuipUErMEAYRliKZA861vn65nvWw%3D%3D
[debug] [2025-04-13T20:47:15.410Z] >>> [apiv2][body] PUT https://storage.googleapis.com/uploads-914583875249.europe-west1.cloudfunctions.appspot.com/6c69c83f-af2e-45ea-89ad-1b77d7c305f0.zip [stream]
[debug] [2025-04-13T20:47:15.564Z] <<< [apiv2][status] PUT https://storage.googleapis.com/uploads-914583875249.europe-west1.cloudfunctions.appspot.com/6c69c83f-af2e-45ea-89ad-1b77d7c305f0.zip 200
[debug] [2025-04-13T20:47:15.565Z] <<< [apiv2][body] PUT https://storage.googleapis.com/uploads-914583875249.europe-west1.cloudfunctions.appspot.com/6c69c83f-af2e-45ea-89ad-1b77d7c305f0.zip [omitted]
[info] +  functions: functions folder uploaded successfully 
[info] 
The following functions are found in your project but do not exist in your local source code:
	handleCounter(us-central1)

If you are renaming a function or changing its region, it is recommended that you create the new function first before deleting the old one to prevent event loss. For more info, visit https://firebase.google.com/docs/functions/manage-functions#modify

[info] i  functions: creating Node.js 20 (1st Gen) function handleCounter(europe-west1)... 
[debug] [2025-04-13T20:47:22.455Z] Checked if tokens are valid: true, expires at: 1744580026955
[debug] [2025-04-13T20:47:22.455Z] Checked if tokens are valid: true, expires at: 1744580026955
[info] i  functions: deleting Node.js 20 (2nd Gen) function handleCounter(us-central1)... 
[debug] [2025-04-13T20:47:22.456Z] Checked if tokens are valid: true, expires at: 1744580026955
[debug] [2025-04-13T20:47:22.456Z] Checked if tokens are valid: true, expires at: 1744580026955
[debug] [2025-04-13T20:47:22.456Z] >>> [apiv2][query] POST https://cloudfunctions.googleapis.com/v1/projects/codefez-github-site/locations/europe-west1/functions [none]
[debug] [2025-04-13T20:47:22.456Z] >>> [apiv2][body] POST https://cloudfunctions.googleapis.com/v1/projects/codefez-github-site/locations/europe-west1/functions {"name":"projects/codefez-github-site/locations/europe-west1/functions/handleCounter","sourceUploadUrl":"https://storage.googleapis.com/uploads-914583875249.europe-west1.cloudfunctions.appspot.com/6c69c83f-af2e-45ea-89ad-1b77d7c305f0.zip?GoogleAccessId=service-534806090723@gcf-admin-robot.iam.gserviceaccount.com&Expires=1744578936&Signature=mntDIra%2Fy27JKvjvkgW9I1WpY7hR70EvtLdOFgu%2BvdxbrZ101O9UQg5%2FDekVFawc%2F2xPno%2BpIuwHFhHE1PgwBYi1v23T4%2FOpRNOIN6CJ1te7GOsVFsiq%2BAB4RNyQWcWqSDnDWBmMM1Gu%2FKRtVDcCoo5u3vkQAtq5XmJuJvWFRgXv3DDGzGhCsAGOEMa9cWmkV33pW11aDKkRfqC6MKiwpcEHwNI53Aqb98a%2BUgD1d67oCAD8Se3kwMImz4JJ7Zj4Q2zD8f34biU%2BabZQPIalsErhAaEni8hUMVMPtnAl1X4DtXT9ZDZDPORiiaKuipUErMEAYRliKZA861vn65nvWw%3D%3D","entryPoint":"handleCounter","runtime":"nodejs20","dockerRegistry":"ARTIFACT_REGISTRY","labels":{"deployment-tool":"cli-firebase","deployment-callable":"true","firebase-functions-hash":"41e588c8d1061255c6ba914641c228b7ef00b039"},"httpsTrigger":{"securityLevel":"SECURE_ALWAYS"},"environmentVariables":{"FIREBASE_CONFIG":"{\"projectId\":\"codefez-github-site\",\"databaseURL\":\"https://codefez-github-site-default-rtdb.europe-west1.firebasedatabase.app\",\"storageBucket\":\"codefez-github-site.firebasestorage.app\"}","GCLOUD_PROJECT":"codefez-github-site","EVENTARC_CLOUD_EVENT_SOURCE":"projects/codefez-github-site/locations/europe-west1/functions/handleCounter"},"buildEnvironmentVariables":{"GOOGLE_NODE_RUN_SCRIPTS":""}}
[debug] [2025-04-13T20:47:22.458Z] >>> [apiv2][query] DELETE https://cloudfunctions.googleapis.com/v2/projects/codefez-github-site/locations/us-central1/functions/handleCounter [none]
[debug] [2025-04-13T20:47:23.115Z] <<< [apiv2][status] POST https://cloudfunctions.googleapis.com/v1/projects/codefez-github-site/locations/europe-west1/functions 200
[debug] [2025-04-13T20:47:23.115Z] <<< [apiv2][body] POST https://cloudfunctions.googleapis.com/v1/projects/codefez-github-site/locations/europe-west1/functions {"name":"operations/cHJvamVjdHMvY29kZWZlei1naXRodWItc2l0ZS9sb2NhdGlvbnMvZXVyb3BlLXdlc3QxL29wZXJhdGlvbnMvb3BlcmF0aW9uLTE3NDQ1NzcxNDMzODktNjMyYWYwNGVhM2U3My00ZDAwNzQ5OC0yODc1MDEzMg","metadata":{"@type":"type.googleapis.com/google.cloud.functions.v1.OperationMetadataV1","target":"projects/codefez-github-site/locations/europe-west1/functions/handleCounter","updateTime":"2025-04-13T20:45:43.931060826Z"}}
[debug] [2025-04-13T20:47:23.116Z] Checked if tokens are valid: true, expires at: 1744580026955
[debug] [2025-04-13T20:47:23.116Z] Checked if tokens are valid: true, expires at: 1744580026955
[debug] [2025-04-13T20:47:23.117Z] >>> [apiv2][query] GET https://cloudfunctions.googleapis.com/v1/operations/cHJvamVjdHMvY29kZWZlei1naXRodWItc2l0ZS9sb2NhdGlvbnMvZXVyb3BlLXdlc3QxL29wZXJhdGlvbnMvb3BlcmF0aW9uLTE3NDQ1NzcxNDMzODktNjMyYWYwNGVhM2U3My00ZDAwNzQ5OC0yODc1MDEzMg [none]
[debug] [2025-04-13T20:47:23.197Z] <<< [apiv2][status] GET https://cloudfunctions.googleapis.com/v1/operations/cHJvamVjdHMvY29kZWZlei1naXRodWItc2l0ZS9sb2NhdGlvbnMvZXVyb3BlLXdlc3QxL29wZXJhdGlvbnMvb3BlcmF0aW9uLTE3NDQ1NzcxNDMzODktNjMyYWYwNGVhM2U3My00ZDAwNzQ5OC0yODc1MDEzMg 200
[debug] [2025-04-13T20:47:23.197Z] <<< [apiv2][body] GET https://cloudfunctions.googleapis.com/v1/operations/cHJvamVjdHMvY29kZWZlei1naXRodWItc2l0ZS9sb2NhdGlvbnMvZXVyb3BlLXdlc3QxL29wZXJhdGlvbnMvb3BlcmF0aW9uLTE3NDQ1NzcxNDMzODktNjMyYWYwNGVhM2U3My00ZDAwNzQ5OC0yODc1MDEzMg {"name":"operations/cHJvamVjdHMvY29kZWZlei1naXRodWItc2l0ZS9sb2NhdGlvbnMvZXVyb3BlLXdlc3QxL29wZXJhdGlvbnMvb3BlcmF0aW9uLTE3NDQ1NzcxNDMzODktNjMyYWYwNGVhM2U3My00ZDAwNzQ5OC0yODc1MDEzMg","metadata":{"@type":"type.googleapis.com/google.cloud.functions.v1.OperationMetadataV1","target":"projects/codefez-github-site/locations/europe-west1/functions/handleCounter","updateTime":"2025-04-13T20:45:43.931060826Z"}}
[debug] [2025-04-13T20:47:23.213Z] <<< [apiv2][status] DELETE https://cloudfunctions.googleapis.com/v2/projects/codefez-github-site/locations/us-central1/functions/handleCounter 200
[debug] [2025-04-13T20:47:23.214Z] <<< [apiv2][body] DELETE https://cloudfunctions.googleapis.com/v2/projects/codefez-github-site/locations/us-central1/functions/handleCounter {"name":"projects/codefez-github-site/locations/us-central1/operations/operation-1744577143952-632af04f2d629-d41c7b9e-3e295d1d","metadata":{"@type":"type.googleapis.com/google.cloud.functions.v2.OperationMetadata","createTime":"2025-04-13T20:45:43.971809793Z","target":"projects/codefez-github-site/locations/us-central1/functions/handleCounter","verb":"delete","cancelRequested":false,"apiVersion":"v2"},"done":false}
[debug] [2025-04-13T20:47:23.214Z] Checked if tokens are valid: true, expires at: 1744580026955
[debug] [2025-04-13T20:47:23.214Z] Checked if tokens are valid: true, expires at: 1744580026955
[debug] [2025-04-13T20:47:23.214Z] >>> [apiv2][query] GET https://cloudfunctions.googleapis.com/v2/projects/codefez-github-site/locations/us-central1/operations/operation-1744577143952-632af04f2d629-d41c7b9e-3e295d1d [none]
[debug] [2025-04-13T20:47:23.711Z] [create-default-europe-west1-handleCounter] Retrying task index 0
[debug] [2025-04-13T20:47:23.711Z] Checked if tokens are valid: true, expires at: 1744580026955
[debug] [2025-04-13T20:47:23.712Z] Checked if tokens are valid: true, expires at: 1744580026955
[debug] [2025-04-13T20:47:23.712Z] >>> [apiv2][query] GET https://cloudfunctions.googleapis.com/v1/operations/cHJvamVjdHMvY29kZWZlei1naXRodWItc2l0ZS9sb2NhdGlvbnMvZXVyb3BlLXdlc3QxL29wZXJhdGlvbnMvb3BlcmF0aW9uLTE3NDQ1NzcxNDMzODktNjMyYWYwNGVhM2U3My00ZDAwNzQ5OC0yODc1MDEzMg [none]
[debug] [2025-04-13T20:47:23.790Z] <<< [apiv2][status] GET https://cloudfunctions.googleapis.com/v1/operations/cHJvamVjdHMvY29kZWZlei1naXRodWItc2l0ZS9sb2NhdGlvbnMvZXVyb3BlLXdlc3QxL29wZXJhdGlvbnMvb3BlcmF0aW9uLTE3NDQ1NzcxNDMzODktNjMyYWYwNGVhM2U3My00ZDAwNzQ5OC0yODc1MDEzMg 200
[debug] [2025-04-13T20:47:23.790Z] <<< [apiv2][body] GET https://cloudfunctions.googleapis.com/v1/operations/cHJvamVjdHMvY29kZWZlei1naXRodWItc2l0ZS9sb2NhdGlvbnMvZXVyb3BlLXdlc3QxL29wZXJhdGlvbnMvb3BlcmF0aW9uLTE3NDQ1NzcxNDMzODktNjMyYWYwNGVhM2U3My00ZDAwNzQ5OC0yODc1MDEzMg {"name":"operations/cHJvamVjdHMvY29kZWZlei1naXRodWItc2l0ZS9sb2NhdGlvbnMvZXVyb3BlLXdlc3QxL29wZXJhdGlvbnMvb3BlcmF0aW9uLTE3NDQ1NzcxNDMzODktNjMyYWYwNGVhM2U3My00ZDAwNzQ5OC0yODc1MDEzMg","metadata":{"@type":"type.googleapis.com/google.cloud.functions.v1.OperationMetadataV1","target":"projects/codefez-github-site/locations/europe-west1/functions/handleCounter","updateTime":"2025-04-13T20:45:43.931060826Z"}}
[debug] [2025-04-13T20:47:23.902Z] <<< [apiv2][status] GET https://cloudfunctions.googleapis.com/v2/projects/codefez-github-site/locations/us-central1/operations/operation-1744577143952-632af04f2d629-d41c7b9e-3e295d1d 200
[debug] [2025-04-13T20:47:23.902Z] <<< [apiv2][body] GET https://cloudfunctions.googleapis.com/v2/projects/codefez-github-site/locations/us-central1/operations/operation-1744577143952-632af04f2d629-d41c7b9e-3e295d1d {"name":"projects/codefez-github-site/locations/us-central1/operations/operation-1744577143952-632af04f2d629-d41c7b9e-3e295d1d","metadata":{"@type":"type.googleapis.com/google.cloud.functions.v2.OperationMetadata","createTime":"2025-04-13T20:45:43.971809793Z","target":"projects/codefez-github-site/locations/us-central1/functions/handleCounter","verb":"delete","cancelRequested":false,"apiVersion":"v2","requestResource":{"@type":"type.googleapis.com/google.cloud.functions.v2.Function","name":"projects/codefez-github-site/locations/us-central1/functions/handleCounter","environment":"GEN_2"},"stages":[{"name":"ARTIFACT_REGISTRY","state":"NOT_STARTED"},{"name":"SERVICE","message":"Deleting Cloud Run service","state":"IN_PROGRESS","resource":"projects/codefez-github-site/locations/us-central1/services/handlecounter"}],"operationType":"DELETE_FUNCTION"},"done":false}
[debug] [2025-04-13T20:47:24.411Z] [delete-default-us-central1-handleCounter] Retrying task index 0
[debug] [2025-04-13T20:47:24.411Z] Checked if tokens are valid: true, expires at: 1744580026955
[debug] [2025-04-13T20:47:24.412Z] Checked if tokens are valid: true, expires at: 1744580026955
[debug] [2025-04-13T20:47:24.412Z] >>> [apiv2][query] GET https://cloudfunctions.googleapis.com/v2/projects/codefez-github-site/locations/us-central1/operations/operation-1744577143952-632af04f2d629-d41c7b9e-3e295d1d [none]
[debug] [2025-04-13T20:47:24.796Z] [create-default-europe-west1-handleCounter] Retrying task index 0
[debug] [2025-04-13T20:47:24.797Z] Checked if tokens are valid: true, expires at: 1744580026955
[debug] [2025-04-13T20:47:24.797Z] Checked if tokens are valid: true, expires at: 1744580026955
[debug] [2025-04-13T20:47:24.797Z] >>> [apiv2][query] GET https://cloudfunctions.googleapis.com/v1/operations/cHJvamVjdHMvY29kZWZlei1naXRodWItc2l0ZS9sb2NhdGlvbnMvZXVyb3BlLXdlc3QxL29wZXJhdGlvbnMvb3BlcmF0aW9uLTE3NDQ1NzcxNDMzODktNjMyYWYwNGVhM2U3My00ZDAwNzQ5OC0yODc1MDEzMg [none]
[debug] [2025-04-13T20:47:24.848Z] <<< [apiv2][status] GET https://cloudfunctions.googleapis.com/v1/operations/cHJvamVjdHMvY29kZWZlei1naXRodWItc2l0ZS9sb2NhdGlvbnMvZXVyb3BlLXdlc3QxL29wZXJhdGlvbnMvb3BlcmF0aW9uLTE3NDQ1NzcxNDMzODktNjMyYWYwNGVhM2U3My00ZDAwNzQ5OC0yODc1MDEzMg 200
[debug] [2025-04-13T20:47:24.848Z] <<< [apiv2][body] GET https://cloudfunctions.googleapis.com/v1/operations/cHJvamVjdHMvY29kZWZlei1naXRodWItc2l0ZS9sb2NhdGlvbnMvZXVyb3BlLXdlc3QxL29wZXJhdGlvbnMvb3BlcmF0aW9uLTE3NDQ1NzcxNDMzODktNjMyYWYwNGVhM2U3My00ZDAwNzQ5OC0yODc1MDEzMg {"name":"operations/cHJvamVjdHMvY29kZWZlei1naXRodWItc2l0ZS9sb2NhdGlvbnMvZXVyb3BlLXdlc3QxL29wZXJhdGlvbnMvb3BlcmF0aW9uLTE3NDQ1NzcxNDMzODktNjMyYWYwNGVhM2U3My00ZDAwNzQ5OC0yODc1MDEzMg","metadata":{"@type":"type.googleapis.com/google.cloud.functions.v1.OperationMetadataV1","target":"projects/codefez-github-site/locations/europe-west1/functions/handleCounter","type":"CREATE_FUNCTION","request":{"@type":"type.googleapis.com/google.cloud.functions.v1.CloudFunction","name":"projects/codefez-github-site/locations/europe-west1/functions/handleCounter","httpsTrigger":{"securityLevel":"SECURE_ALWAYS"},"entryPoint":"handleCounter","updateTime":"1970-01-01T00:00:00Z","labels":{"deployment-tool":"cli-firebase","deployment-callable":"true","firebase-functions-hash":"41e588c8d1061255c6ba914641c228b7ef00b039"},"sourceUploadUrl":"https://storage.googleapis.com/uploads-914583875249.europe-west1.cloudfunctions.appspot.com/6c69c83f-af2e-45ea-89ad-1b77d7c305f0.zip?GoogleAccessId=service-534806090723@gcf-admin-robot.iam.gserviceaccount.com&Expires=1744578936&Signature=mntDIra%2Fy27JKvjvkgW9I1WpY7hR70EvtLdOFgu%2BvdxbrZ101O9UQg5%2FDekVFawc%2F2xPno%2BpIuwHFhHE1PgwBYi1v23T4%2FOpRNOIN6CJ1te7GOsVFsiq%2BAB4RNyQWcWqSDnDWBmMM1Gu%2FKRtVDcCoo5u3vkQAtq5XmJuJvWFRgXv3DDGzGhCsAGOEMa9cWmkV33pW11aDKkRfqC6MKiwpcEHwNI53Aqb98a%2BUgD1d67oCAD8Se3kwMImz4JJ7Zj4Q2zD8f34biU%2BabZQPIalsErhAaEni8hUMVMPtnAl1X4DtXT9ZDZDPORiiaKuipUErMEAYRliKZA861vn65nvWw%3D%3D","environmentVariables":{"FIREBASE_CONFIG":"{\"projectId\":\"codefez-github-site\",\"databaseURL\":\"https://codefez-github-site-default-rtdb.europe-west1.firebasedatabase.app\",\"storageBucket\":\"codefez-github-site.firebasestorage.app\"}","GCLOUD_PROJECT":"codefez-github-site","EVENTARC_CLOUD_EVENT_SOURCE":"projects/codefez-github-site/locations/europe-west1/functions/handleCounter"},"runtime":"nodejs20","buildEnvironmentVariables":{"GOOGLE_NODE_RUN_SCRIPTS":""},"dockerRegistry":"ARTIFACT_REGISTRY"},"versionId":"1","updateTime":"2025-04-13T20:45:43.931060826Z"}}
[debug] [2025-04-13T20:47:25.078Z] <<< [apiv2][status] GET https://cloudfunctions.googleapis.com/v2/projects/codefez-github-site/locations/us-central1/operations/operation-1744577143952-632af04f2d629-d41c7b9e-3e295d1d 200
[debug] [2025-04-13T20:47:25.078Z] <<< [apiv2][body] GET https://cloudfunctions.googleapis.com/v2/projects/codefez-github-site/locations/us-central1/operations/operation-1744577143952-632af04f2d629-d41c7b9e-3e295d1d {"name":"projects/codefez-github-site/locations/us-central1/operations/operation-1744577143952-632af04f2d629-d41c7b9e-3e295d1d","metadata":{"@type":"type.googleapis.com/google.cloud.functions.v2.OperationMetadata","createTime":"2025-04-13T20:45:43.971809793Z","endTime":"2025-04-13T20:45:45.576193301Z","target":"projects/codefez-github-site/locations/us-central1/functions/handleCounter","verb":"delete","cancelRequested":false,"apiVersion":"v2","requestResource":{"@type":"type.googleapis.com/google.cloud.functions.v2.Function","name":"projects/codefez-github-site/locations/us-central1/functions/handleCounter","environment":"GEN_2"},"stages":[{"name":"ARTIFACT_REGISTRY","message":"Deleting function artifacts in Artifact Registry","state":"COMPLETE"},{"name":"SERVICE","message":"Deleting Cloud Run service","state":"COMPLETE","resource":"projects/codefez-github-site/locations/us-central1/services/handlecounter"}],"operationType":"DELETE_FUNCTION"},"done":true,"response":{"@type":"type.googleapis.com/google.protobuf.Empty"}}
[info] +  functions[handleCounter(us-central1)] Successful delete operation. 
[debug] [2025-04-13T20:47:26.852Z] [create-default-europe-west1-handleCounter] Retrying task index 0
[debug] [2025-04-13T20:47:26.853Z] Checked if tokens are valid: true, expires at: 1744580026955
[debug] [2025-04-13T20:47:26.853Z] Checked if tokens are valid: true, expires at: 1744580026955
[debug] [2025-04-13T20:47:26.854Z] >>> [apiv2][query] GET https://cloudfunctions.googleapis.com/v1/operations/cHJvamVjdHMvY29kZWZlei1naXRodWItc2l0ZS9sb2NhdGlvbnMvZXVyb3BlLXdlc3QxL29wZXJhdGlvbnMvb3BlcmF0aW9uLTE3NDQ1NzcxNDMzODktNjMyYWYwNGVhM2U3My00ZDAwNzQ5OC0yODc1MDEzMg [none]
[debug] [2025-04-13T20:47:26.896Z] <<< [apiv2][status] GET https://cloudfunctions.googleapis.com/v1/operations/cHJvamVjdHMvY29kZWZlei1naXRodWItc2l0ZS9sb2NhdGlvbnMvZXVyb3BlLXdlc3QxL29wZXJhdGlvbnMvb3BlcmF0aW9uLTE3NDQ1NzcxNDMzODktNjMyYWYwNGVhM2U3My00ZDAwNzQ5OC0yODc1MDEzMg 200
[debug] [2025-04-13T20:47:26.896Z] <<< [apiv2][body] GET https://cloudfunctions.googleapis.com/v1/operations/cHJvamVjdHMvY29kZWZlei1naXRodWItc2l0ZS9sb2NhdGlvbnMvZXVyb3BlLXdlc3QxL29wZXJhdGlvbnMvb3BlcmF0aW9uLTE3NDQ1NzcxNDMzODktNjMyYWYwNGVhM2U3My00ZDAwNzQ5OC0yODc1MDEzMg {"name":"operations/cHJvamVjdHMvY29kZWZlei1naXRodWItc2l0ZS9sb2NhdGlvbnMvZXVyb3BlLXdlc3QxL29wZXJhdGlvbnMvb3BlcmF0aW9uLTE3NDQ1NzcxNDMzODktNjMyYWYwNGVhM2U3My00ZDAwNzQ5OC0yODc1MDEzMg","metadata":{"@type":"type.googleapis.com/google.cloud.functions.v1.OperationMetadataV1","target":"projects/codefez-github-site/locations/europe-west1/functions/handleCounter","type":"CREATE_FUNCTION","request":{"@type":"type.googleapis.com/google.cloud.functions.v1.CloudFunction","name":"projects/codefez-github-site/locations/europe-west1/functions/handleCounter","httpsTrigger":{"securityLevel":"SECURE_ALWAYS"},"entryPoint":"handleCounter","updateTime":"1970-01-01T00:00:00Z","labels":{"deployment-tool":"cli-firebase","deployment-callable":"true","firebase-functions-hash":"41e588c8d1061255c6ba914641c228b7ef00b039"},"sourceUploadUrl":"https://storage.googleapis.com/uploads-914583875249.europe-west1.cloudfunctions.appspot.com/6c69c83f-af2e-45ea-89ad-1b77d7c305f0.zip?GoogleAccessId=service-534806090723@gcf-admin-robot.iam.gserviceaccount.com&Expires=1744578936&Signature=mntDIra%2Fy27JKvjvkgW9I1WpY7hR70EvtLdOFgu%2BvdxbrZ101O9UQg5%2FDekVFawc%2F2xPno%2BpIuwHFhHE1PgwBYi1v23T4%2FOpRNOIN6CJ1te7GOsVFsiq%2BAB4RNyQWcWqSDnDWBmMM1Gu%2FKRtVDcCoo5u3vkQAtq5XmJuJvWFRgXv3DDGzGhCsAGOEMa9cWmkV33pW11aDKkRfqC6MKiwpcEHwNI53Aqb98a%2BUgD1d67oCAD8Se3kwMImz4JJ7Zj4Q2zD8f34biU%2BabZQPIalsErhAaEni8hUMVMPtnAl1X4DtXT9ZDZDPORiiaKuipUErMEAYRliKZA861vn65nvWw%3D%3D","environmentVariables":{"FIREBASE_CONFIG":"{\"projectId\":\"codefez-github-site\",\"databaseURL\":\"https://codefez-github-site-default-rtdb.europe-west1.firebasedatabase.app\",\"storageBucket\":\"codefez-github-site.firebasestorage.app\"}","GCLOUD_PROJECT":"codefez-github-site","EVENTARC_CLOUD_EVENT_SOURCE":"projects/codefez-github-site/locations/europe-west1/functions/handleCounter"},"runtime":"nodejs20","buildEnvironmentVariables":{"GOOGLE_NODE_RUN_SCRIPTS":""},"dockerRegistry":"ARTIFACT_REGISTRY"},"versionId":"1","updateTime":"2025-04-13T20:45:43.931060826Z","buildId":"f500f605-2261-4461-98bd-a3dadf374186","buildName":"projects/534806090723/locations/europe-west1/builds/f500f605-2261-4461-98bd-a3dadf374186"}}
[debug] [2025-04-13T20:47:30.900Z] [create-default-europe-west1-handleCounter] Retrying task index 0
[debug] [2025-04-13T20:47:30.900Z] Checked if tokens are valid: true, expires at: 1744580026955
[debug] [2025-04-13T20:47:30.900Z] Checked if tokens are valid: true, expires at: 1744580026955
[debug] [2025-04-13T20:47:30.901Z] >>> [apiv2][query] GET https://cloudfunctions.googleapis.com/v1/operations/cHJvamVjdHMvY29kZWZlei1naXRodWItc2l0ZS9sb2NhdGlvbnMvZXVyb3BlLXdlc3QxL29wZXJhdGlvbnMvb3BlcmF0aW9uLTE3NDQ1NzcxNDMzODktNjMyYWYwNGVhM2U3My00ZDAwNzQ5OC0yODc1MDEzMg [none]
[debug] [2025-04-13T20:47:30.961Z] <<< [apiv2][status] GET https://cloudfunctions.googleapis.com/v1/operations/cHJvamVjdHMvY29kZWZlei1naXRodWItc2l0ZS9sb2NhdGlvbnMvZXVyb3BlLXdlc3QxL29wZXJhdGlvbnMvb3BlcmF0aW9uLTE3NDQ1NzcxNDMzODktNjMyYWYwNGVhM2U3My00ZDAwNzQ5OC0yODc1MDEzMg 200
[debug] [2025-04-13T20:47:30.961Z] <<< [apiv2][body] GET https://cloudfunctions.googleapis.com/v1/operations/cHJvamVjdHMvY29kZWZlei1naXRodWItc2l0ZS9sb2NhdGlvbnMvZXVyb3BlLXdlc3QxL29wZXJhdGlvbnMvb3BlcmF0aW9uLTE3NDQ1NzcxNDMzODktNjMyYWYwNGVhM2U3My00ZDAwNzQ5OC0yODc1MDEzMg {"name":"operations/cHJvamVjdHMvY29kZWZlei1naXRodWItc2l0ZS9sb2NhdGlvbnMvZXVyb3BlLXdlc3QxL29wZXJhdGlvbnMvb3BlcmF0aW9uLTE3NDQ1NzcxNDMzODktNjMyYWYwNGVhM2U3My00ZDAwNzQ5OC0yODc1MDEzMg","metadata":{"@type":"type.googleapis.com/google.cloud.functions.v1.OperationMetadataV1","target":"projects/codefez-github-site/locations/europe-west1/functions/handleCounter","type":"CREATE_FUNCTION","request":{"@type":"type.googleapis.com/google.cloud.functions.v1.CloudFunction","name":"projects/codefez-github-site/locations/europe-west1/functions/handleCounter","httpsTrigger":{"securityLevel":"SECURE_ALWAYS"},"entryPoint":"handleCounter","updateTime":"1970-01-01T00:00:00Z","labels":{"deployment-tool":"cli-firebase","deployment-callable":"true","firebase-functions-hash":"41e588c8d1061255c6ba914641c228b7ef00b039"},"sourceUploadUrl":"https://storage.googleapis.com/uploads-914583875249.europe-west1.cloudfunctions.appspot.com/6c69c83f-af2e-45ea-89ad-1b77d7c305f0.zip?GoogleAccessId=service-534806090723@gcf-admin-robot.iam.gserviceaccount.com&Expires=1744578936&Signature=mntDIra%2Fy27JKvjvkgW9I1WpY7hR70EvtLdOFgu%2BvdxbrZ101O9UQg5%2FDekVFawc%2F2xPno%2BpIuwHFhHE1PgwBYi1v23T4%2FOpRNOIN6CJ1te7GOsVFsiq%2BAB4RNyQWcWqSDnDWBmMM1Gu%2FKRtVDcCoo5u3vkQAtq5XmJuJvWFRgXv3DDGzGhCsAGOEMa9cWmkV33pW11aDKkRfqC6MKiwpcEHwNI53Aqb98a%2BUgD1d67oCAD8Se3kwMImz4JJ7Zj4Q2zD8f34biU%2BabZQPIalsErhAaEni8hUMVMPtnAl1X4DtXT9ZDZDPORiiaKuipUErMEAYRliKZA861vn65nvWw%3D%3D","environmentVariables":{"FIREBASE_CONFIG":"{\"projectId\":\"codefez-github-site\",\"databaseURL\":\"https://codefez-github-site-default-rtdb.europe-west1.firebasedatabase.app\",\"storageBucket\":\"codefez-github-site.firebasestorage.app\"}","GCLOUD_PROJECT":"codefez-github-site","EVENTARC_CLOUD_EVENT_SOURCE":"projects/codefez-github-site/locations/europe-west1/functions/handleCounter"},"runtime":"nodejs20","buildEnvironmentVariables":{"GOOGLE_NODE_RUN_SCRIPTS":""},"dockerRegistry":"ARTIFACT_REGISTRY"},"versionId":"1","updateTime":"2025-04-13T20:45:43.931060826Z","buildId":"f500f605-2261-4461-98bd-a3dadf374186","buildName":"projects/534806090723/locations/europe-west1/builds/f500f605-2261-4461-98bd-a3dadf374186"}}
[debug] [2025-04-13T20:47:38.964Z] [create-default-europe-west1-handleCounter] Retrying task index 0
[debug] [2025-04-13T20:47:38.964Z] Checked if tokens are valid: true, expires at: 1744580026955
[debug] [2025-04-13T20:47:38.965Z] Checked if tokens are valid: true, expires at: 1744580026955
[debug] [2025-04-13T20:47:38.965Z] >>> [apiv2][query] GET https://cloudfunctions.googleapis.com/v1/operations/cHJvamVjdHMvY29kZWZlei1naXRodWItc2l0ZS9sb2NhdGlvbnMvZXVyb3BlLXdlc3QxL29wZXJhdGlvbnMvb3BlcmF0aW9uLTE3NDQ1NzcxNDMzODktNjMyYWYwNGVhM2U3My00ZDAwNzQ5OC0yODc1MDEzMg [none]
[debug] [2025-04-13T20:47:39.015Z] <<< [apiv2][status] GET https://cloudfunctions.googleapis.com/v1/operations/cHJvamVjdHMvY29kZWZlei1naXRodWItc2l0ZS9sb2NhdGlvbnMvZXVyb3BlLXdlc3QxL29wZXJhdGlvbnMvb3BlcmF0aW9uLTE3NDQ1NzcxNDMzODktNjMyYWYwNGVhM2U3My00ZDAwNzQ5OC0yODc1MDEzMg 200
[debug] [2025-04-13T20:47:39.015Z] <<< [apiv2][body] GET https://cloudfunctions.googleapis.com/v1/operations/cHJvamVjdHMvY29kZWZlei1naXRodWItc2l0ZS9sb2NhdGlvbnMvZXVyb3BlLXdlc3QxL29wZXJhdGlvbnMvb3BlcmF0aW9uLTE3NDQ1NzcxNDMzODktNjMyYWYwNGVhM2U3My00ZDAwNzQ5OC0yODc1MDEzMg {"name":"operations/cHJvamVjdHMvY29kZWZlei1naXRodWItc2l0ZS9sb2NhdGlvbnMvZXVyb3BlLXdlc3QxL29wZXJhdGlvbnMvb3BlcmF0aW9uLTE3NDQ1NzcxNDMzODktNjMyYWYwNGVhM2U3My00ZDAwNzQ5OC0yODc1MDEzMg","metadata":{"@type":"type.googleapis.com/google.cloud.functions.v1.OperationMetadataV1","target":"projects/codefez-github-site/locations/europe-west1/functions/handleCounter","type":"CREATE_FUNCTION","request":{"@type":"type.googleapis.com/google.cloud.functions.v1.CloudFunction","name":"projects/codefez-github-site/locations/europe-west1/functions/handleCounter","httpsTrigger":{"securityLevel":"SECURE_ALWAYS"},"entryPoint":"handleCounter","updateTime":"1970-01-01T00:00:00Z","labels":{"deployment-tool":"cli-firebase","deployment-callable":"true","firebase-functions-hash":"41e588c8d1061255c6ba914641c228b7ef00b039"},"sourceUploadUrl":"https://storage.googleapis.com/uploads-914583875249.europe-west1.cloudfunctions.appspot.com/6c69c83f-af2e-45ea-89ad-1b77d7c305f0.zip?GoogleAccessId=service-534806090723@gcf-admin-robot.iam.gserviceaccount.com&Expires=1744578936&Signature=mntDIra%2Fy27JKvjvkgW9I1WpY7hR70EvtLdOFgu%2BvdxbrZ101O9UQg5%2FDekVFawc%2F2xPno%2BpIuwHFhHE1PgwBYi1v23T4%2FOpRNOIN6CJ1te7GOsVFsiq%2BAB4RNyQWcWqSDnDWBmMM1Gu%2FKRtVDcCoo5u3vkQAtq5XmJuJvWFRgXv3DDGzGhCsAGOEMa9cWmkV33pW11aDKkRfqC6MKiwpcEHwNI53Aqb98a%2BUgD1d67oCAD8Se3kwMImz4JJ7Zj4Q2zD8f34biU%2BabZQPIalsErhAaEni8hUMVMPtnAl1X4DtXT9ZDZDPORiiaKuipUErMEAYRliKZA861vn65nvWw%3D%3D","environmentVariables":{"FIREBASE_CONFIG":"{\"projectId\":\"codefez-github-site\",\"databaseURL\":\"https://codefez-github-site-default-rtdb.europe-west1.firebasedatabase.app\",\"storageBucket\":\"codefez-github-site.firebasestorage.app\"}","GCLOUD_PROJECT":"codefez-github-site","EVENTARC_CLOUD_EVENT_SOURCE":"projects/codefez-github-site/locations/europe-west1/functions/handleCounter"},"runtime":"nodejs20","buildEnvironmentVariables":{"GOOGLE_NODE_RUN_SCRIPTS":""},"dockerRegistry":"ARTIFACT_REGISTRY"},"versionId":"1","updateTime":"2025-04-13T20:45:43.931060826Z","buildId":"f500f605-2261-4461-98bd-a3dadf374186","buildName":"projects/534806090723/locations/europe-west1/builds/f500f605-2261-4461-98bd-a3dadf374186"}}
[debug] [2025-04-13T20:47:49.027Z] [create-default-europe-west1-handleCounter] Retrying task index 0
[debug] [2025-04-13T20:47:49.027Z] Checked if tokens are valid: true, expires at: 1744580026955
[debug] [2025-04-13T20:47:49.028Z] Checked if tokens are valid: true, expires at: 1744580026955
[debug] [2025-04-13T20:47:49.028Z] >>> [apiv2][query] GET https://cloudfunctions.googleapis.com/v1/operations/cHJvamVjdHMvY29kZWZlei1naXRodWItc2l0ZS9sb2NhdGlvbnMvZXVyb3BlLXdlc3QxL29wZXJhdGlvbnMvb3BlcmF0aW9uLTE3NDQ1NzcxNDMzODktNjMyYWYwNGVhM2U3My00ZDAwNzQ5OC0yODc1MDEzMg [none]
[debug] [2025-04-13T20:47:49.076Z] <<< [apiv2][status] GET https://cloudfunctions.googleapis.com/v1/operations/cHJvamVjdHMvY29kZWZlei1naXRodWItc2l0ZS9sb2NhdGlvbnMvZXVyb3BlLXdlc3QxL29wZXJhdGlvbnMvb3BlcmF0aW9uLTE3NDQ1NzcxNDMzODktNjMyYWYwNGVhM2U3My00ZDAwNzQ5OC0yODc1MDEzMg 200
[debug] [2025-04-13T20:47:49.077Z] <<< [apiv2][body] GET https://cloudfunctions.googleapis.com/v1/operations/cHJvamVjdHMvY29kZWZlei1naXRodWItc2l0ZS9sb2NhdGlvbnMvZXVyb3BlLXdlc3QxL29wZXJhdGlvbnMvb3BlcmF0aW9uLTE3NDQ1NzcxNDMzODktNjMyYWYwNGVhM2U3My00ZDAwNzQ5OC0yODc1MDEzMg {"name":"operations/cHJvamVjdHMvY29kZWZlei1naXRodWItc2l0ZS9sb2NhdGlvbnMvZXVyb3BlLXdlc3QxL29wZXJhdGlvbnMvb3BlcmF0aW9uLTE3NDQ1NzcxNDMzODktNjMyYWYwNGVhM2U3My00ZDAwNzQ5OC0yODc1MDEzMg","metadata":{"@type":"type.googleapis.com/google.cloud.functions.v1.OperationMetadataV1","target":"projects/codefez-github-site/locations/europe-west1/functions/handleCounter","type":"CREATE_FUNCTION","request":{"@type":"type.googleapis.com/google.cloud.functions.v1.CloudFunction","name":"projects/codefez-github-site/locations/europe-west1/functions/handleCounter","httpsTrigger":{"securityLevel":"SECURE_ALWAYS"},"entryPoint":"handleCounter","updateTime":"1970-01-01T00:00:00Z","labels":{"deployment-tool":"cli-firebase","deployment-callable":"true","firebase-functions-hash":"41e588c8d1061255c6ba914641c228b7ef00b039"},"sourceUploadUrl":"https://storage.googleapis.com/uploads-914583875249.europe-west1.cloudfunctions.appspot.com/6c69c83f-af2e-45ea-89ad-1b77d7c305f0.zip?GoogleAccessId=service-534806090723@gcf-admin-robot.iam.gserviceaccount.com&Expires=1744578936&Signature=mntDIra%2Fy27JKvjvkgW9I1WpY7hR70EvtLdOFgu%2BvdxbrZ101O9UQg5%2FDekVFawc%2F2xPno%2BpIuwHFhHE1PgwBYi1v23T4%2FOpRNOIN6CJ1te7GOsVFsiq%2BAB4RNyQWcWqSDnDWBmMM1Gu%2FKRtVDcCoo5u3vkQAtq5XmJuJvWFRgXv3DDGzGhCsAGOEMa9cWmkV33pW11aDKkRfqC6MKiwpcEHwNI53Aqb98a%2BUgD1d67oCAD8Se3kwMImz4JJ7Zj4Q2zD8f34biU%2BabZQPIalsErhAaEni8hUMVMPtnAl1X4DtXT9ZDZDPORiiaKuipUErMEAYRliKZA861vn65nvWw%3D%3D","environmentVariables":{"FIREBASE_CONFIG":"{\"projectId\":\"codefez-github-site\",\"databaseURL\":\"https://codefez-github-site-default-rtdb.europe-west1.firebasedatabase.app\",\"storageBucket\":\"codefez-github-site.firebasestorage.app\"}","GCLOUD_PROJECT":"codefez-github-site","EVENTARC_CLOUD_EVENT_SOURCE":"projects/codefez-github-site/locations/europe-west1/functions/handleCounter"},"runtime":"nodejs20","buildEnvironmentVariables":{"GOOGLE_NODE_RUN_SCRIPTS":""},"dockerRegistry":"ARTIFACT_REGISTRY"},"versionId":"1","updateTime":"2025-04-13T20:45:43.931060826Z","buildId":"f500f605-2261-4461-98bd-a3dadf374186","buildName":"projects/534806090723/locations/europe-west1/builds/f500f605-2261-4461-98bd-a3dadf374186"}}
[debug] [2025-04-13T20:47:59.085Z] [create-default-europe-west1-handleCounter] Retrying task index 0
[debug] [2025-04-13T20:47:59.086Z] Checked if tokens are valid: true, expires at: 1744580026955
[debug] [2025-04-13T20:47:59.086Z] Checked if tokens are valid: true, expires at: 1744580026955
[debug] [2025-04-13T20:47:59.086Z] >>> [apiv2][query] GET https://cloudfunctions.googleapis.com/v1/operations/cHJvamVjdHMvY29kZWZlei1naXRodWItc2l0ZS9sb2NhdGlvbnMvZXVyb3BlLXdlc3QxL29wZXJhdGlvbnMvb3BlcmF0aW9uLTE3NDQ1NzcxNDMzODktNjMyYWYwNGVhM2U3My00ZDAwNzQ5OC0yODc1MDEzMg [none]
[debug] [2025-04-13T20:47:59.142Z] <<< [apiv2][status] GET https://cloudfunctions.googleapis.com/v1/operations/cHJvamVjdHMvY29kZWZlei1naXRodWItc2l0ZS9sb2NhdGlvbnMvZXVyb3BlLXdlc3QxL29wZXJhdGlvbnMvb3BlcmF0aW9uLTE3NDQ1NzcxNDMzODktNjMyYWYwNGVhM2U3My00ZDAwNzQ5OC0yODc1MDEzMg 200
[debug] [2025-04-13T20:47:59.143Z] <<< [apiv2][body] GET https://cloudfunctions.googleapis.com/v1/operations/cHJvamVjdHMvY29kZWZlei1naXRodWItc2l0ZS9sb2NhdGlvbnMvZXVyb3BlLXdlc3QxL29wZXJhdGlvbnMvb3BlcmF0aW9uLTE3NDQ1NzcxNDMzODktNjMyYWYwNGVhM2U3My00ZDAwNzQ5OC0yODc1MDEzMg {"name":"operations/cHJvamVjdHMvY29kZWZlei1naXRodWItc2l0ZS9sb2NhdGlvbnMvZXVyb3BlLXdlc3QxL29wZXJhdGlvbnMvb3BlcmF0aW9uLTE3NDQ1NzcxNDMzODktNjMyYWYwNGVhM2U3My00ZDAwNzQ5OC0yODc1MDEzMg","metadata":{"@type":"type.googleapis.com/google.cloud.functions.v1.OperationMetadataV1","target":"projects/codefez-github-site/locations/europe-west1/functions/handleCounter","type":"CREATE_FUNCTION","request":{"@type":"type.googleapis.com/google.cloud.functions.v1.CloudFunction","name":"projects/codefez-github-site/locations/europe-west1/functions/handleCounter","httpsTrigger":{"securityLevel":"SECURE_ALWAYS"},"entryPoint":"handleCounter","updateTime":"1970-01-01T00:00:00Z","labels":{"deployment-tool":"cli-firebase","deployment-callable":"true","firebase-functions-hash":"41e588c8d1061255c6ba914641c228b7ef00b039"},"sourceUploadUrl":"https://storage.googleapis.com/uploads-914583875249.europe-west1.cloudfunctions.appspot.com/6c69c83f-af2e-45ea-89ad-1b77d7c305f0.zip?GoogleAccessId=service-534806090723@gcf-admin-robot.iam.gserviceaccount.com&Expires=1744578936&Signature=mntDIra%2Fy27JKvjvkgW9I1WpY7hR70EvtLdOFgu%2BvdxbrZ101O9UQg5%2FDekVFawc%2F2xPno%2BpIuwHFhHE1PgwBYi1v23T4%2FOpRNOIN6CJ1te7GOsVFsiq%2BAB4RNyQWcWqSDnDWBmMM1Gu%2FKRtVDcCoo5u3vkQAtq5XmJuJvWFRgXv3DDGzGhCsAGOEMa9cWmkV33pW11aDKkRfqC6MKiwpcEHwNI53Aqb98a%2BUgD1d67oCAD8Se3kwMImz4JJ7Zj4Q2zD8f34biU%2BabZQPIalsErhAaEni8hUMVMPtnAl1X4DtXT9ZDZDPORiiaKuipUErMEAYRliKZA861vn65nvWw%3D%3D","environmentVariables":{"FIREBASE_CONFIG":"{\"projectId\":\"codefez-github-site\",\"databaseURL\":\"https://codefez-github-site-default-rtdb.europe-west1.firebasedatabase.app\",\"storageBucket\":\"codefez-github-site.firebasestorage.app\"}","GCLOUD_PROJECT":"codefez-github-site","EVENTARC_CLOUD_EVENT_SOURCE":"projects/codefez-github-site/locations/europe-west1/functions/handleCounter"},"runtime":"nodejs20","buildEnvironmentVariables":{"GOOGLE_NODE_RUN_SCRIPTS":""},"dockerRegistry":"ARTIFACT_REGISTRY"},"versionId":"1","updateTime":"2025-04-13T20:45:43.931060826Z","buildId":"f500f605-2261-4461-98bd-a3dadf374186","buildName":"projects/534806090723/locations/europe-west1/builds/f500f605-2261-4461-98bd-a3dadf374186"}}
[debug] [2025-04-13T20:48:09.159Z] [create-default-europe-west1-handleCounter] Retrying task index 0
[debug] [2025-04-13T20:48:09.159Z] Checked if tokens are valid: true, expires at: 1744580026955
[debug] [2025-04-13T20:48:09.160Z] Checked if tokens are valid: true, expires at: 1744580026955
[debug] [2025-04-13T20:48:09.160Z] >>> [apiv2][query] GET https://cloudfunctions.googleapis.com/v1/operations/cHJvamVjdHMvY29kZWZlei1naXRodWItc2l0ZS9sb2NhdGlvbnMvZXVyb3BlLXdlc3QxL29wZXJhdGlvbnMvb3BlcmF0aW9uLTE3NDQ1NzcxNDMzODktNjMyYWYwNGVhM2U3My00ZDAwNzQ5OC0yODc1MDEzMg [none]
[debug] [2025-04-13T20:48:09.215Z] <<< [apiv2][status] GET https://cloudfunctions.googleapis.com/v1/operations/cHJvamVjdHMvY29kZWZlei1naXRodWItc2l0ZS9sb2NhdGlvbnMvZXVyb3BlLXdlc3QxL29wZXJhdGlvbnMvb3BlcmF0aW9uLTE3NDQ1NzcxNDMzODktNjMyYWYwNGVhM2U3My00ZDAwNzQ5OC0yODc1MDEzMg 200
[debug] [2025-04-13T20:48:09.215Z] <<< [apiv2][body] GET https://cloudfunctions.googleapis.com/v1/operations/cHJvamVjdHMvY29kZWZlei1naXRodWItc2l0ZS9sb2NhdGlvbnMvZXVyb3BlLXdlc3QxL29wZXJhdGlvbnMvb3BlcmF0aW9uLTE3NDQ1NzcxNDMzODktNjMyYWYwNGVhM2U3My00ZDAwNzQ5OC0yODc1MDEzMg {"name":"operations/cHJvamVjdHMvY29kZWZlei1naXRodWItc2l0ZS9sb2NhdGlvbnMvZXVyb3BlLXdlc3QxL29wZXJhdGlvbnMvb3BlcmF0aW9uLTE3NDQ1NzcxNDMzODktNjMyYWYwNGVhM2U3My00ZDAwNzQ5OC0yODc1MDEzMg","metadata":{"@type":"type.googleapis.com/google.cloud.functions.v1.OperationMetadataV1","target":"projects/codefez-github-site/locations/europe-west1/functions/handleCounter","type":"CREATE_FUNCTION","request":{"@type":"type.googleapis.com/google.cloud.functions.v1.CloudFunction","name":"projects/codefez-github-site/locations/europe-west1/functions/handleCounter","httpsTrigger":{"securityLevel":"SECURE_ALWAYS"},"entryPoint":"handleCounter","updateTime":"1970-01-01T00:00:00Z","labels":{"deployment-tool":"cli-firebase","deployment-callable":"true","firebase-functions-hash":"41e588c8d1061255c6ba914641c228b7ef00b039"},"sourceUploadUrl":"https://storage.googleapis.com/uploads-914583875249.europe-west1.cloudfunctions.appspot.com/6c69c83f-af2e-45ea-89ad-1b77d7c305f0.zip?GoogleAccessId=service-534806090723@gcf-admin-robot.iam.gserviceaccount.com&Expires=1744578936&Signature=mntDIra%2Fy27JKvjvkgW9I1WpY7hR70EvtLdOFgu%2BvdxbrZ101O9UQg5%2FDekVFawc%2F2xPno%2BpIuwHFhHE1PgwBYi1v23T4%2FOpRNOIN6CJ1te7GOsVFsiq%2BAB4RNyQWcWqSDnDWBmMM1Gu%2FKRtVDcCoo5u3vkQAtq5XmJuJvWFRgXv3DDGzGhCsAGOEMa9cWmkV33pW11aDKkRfqC6MKiwpcEHwNI53Aqb98a%2BUgD1d67oCAD8Se3kwMImz4JJ7Zj4Q2zD8f34biU%2BabZQPIalsErhAaEni8hUMVMPtnAl1X4DtXT9ZDZDPORiiaKuipUErMEAYRliKZA861vn65nvWw%3D%3D","environmentVariables":{"FIREBASE_CONFIG":"{\"projectId\":\"codefez-github-site\",\"databaseURL\":\"https://codefez-github-site-default-rtdb.europe-west1.firebasedatabase.app\",\"storageBucket\":\"codefez-github-site.firebasestorage.app\"}","GCLOUD_PROJECT":"codefez-github-site","EVENTARC_CLOUD_EVENT_SOURCE":"projects/codefez-github-site/locations/europe-west1/functions/handleCounter"},"runtime":"nodejs20","buildEnvironmentVariables":{"GOOGLE_NODE_RUN_SCRIPTS":""},"dockerRegistry":"ARTIFACT_REGISTRY"},"versionId":"1","updateTime":"2025-04-13T20:45:43.931060826Z","buildId":"f500f605-2261-4461-98bd-a3dadf374186","buildName":"projects/534806090723/locations/europe-west1/builds/f500f605-2261-4461-98bd-a3dadf374186"}}
[debug] [2025-04-13T20:48:19.220Z] [create-default-europe-west1-handleCounter] Retrying task index 0
[debug] [2025-04-13T20:48:19.221Z] Checked if tokens are valid: true, expires at: 1744580026955
[debug] [2025-04-13T20:48:19.221Z] Checked if tokens are valid: true, expires at: 1744580026955
[debug] [2025-04-13T20:48:19.221Z] >>> [apiv2][query] GET https://cloudfunctions.googleapis.com/v1/operations/cHJvamVjdHMvY29kZWZlei1naXRodWItc2l0ZS9sb2NhdGlvbnMvZXVyb3BlLXdlc3QxL29wZXJhdGlvbnMvb3BlcmF0aW9uLTE3NDQ1NzcxNDMzODktNjMyYWYwNGVhM2U3My00ZDAwNzQ5OC0yODc1MDEzMg [none]
[debug] [2025-04-13T20:48:19.287Z] <<< [apiv2][status] GET https://cloudfunctions.googleapis.com/v1/operations/cHJvamVjdHMvY29kZWZlei1naXRodWItc2l0ZS9sb2NhdGlvbnMvZXVyb3BlLXdlc3QxL29wZXJhdGlvbnMvb3BlcmF0aW9uLTE3NDQ1NzcxNDMzODktNjMyYWYwNGVhM2U3My00ZDAwNzQ5OC0yODc1MDEzMg 200
[debug] [2025-04-13T20:48:19.287Z] <<< [apiv2][body] GET https://cloudfunctions.googleapis.com/v1/operations/cHJvamVjdHMvY29kZWZlei1naXRodWItc2l0ZS9sb2NhdGlvbnMvZXVyb3BlLXdlc3QxL29wZXJhdGlvbnMvb3BlcmF0aW9uLTE3NDQ1NzcxNDMzODktNjMyYWYwNGVhM2U3My00ZDAwNzQ5OC0yODc1MDEzMg {"name":"operations/cHJvamVjdHMvY29kZWZlei1naXRodWItc2l0ZS9sb2NhdGlvbnMvZXVyb3BlLXdlc3QxL29wZXJhdGlvbnMvb3BlcmF0aW9uLTE3NDQ1NzcxNDMzODktNjMyYWYwNGVhM2U3My00ZDAwNzQ5OC0yODc1MDEzMg","metadata":{"@type":"type.googleapis.com/google.cloud.functions.v1.OperationMetadataV1","target":"projects/codefez-github-site/locations/europe-west1/functions/handleCounter","type":"CREATE_FUNCTION","request":{"@type":"type.googleapis.com/google.cloud.functions.v1.CloudFunction","name":"projects/codefez-github-site/locations/europe-west1/functions/handleCounter","httpsTrigger":{"securityLevel":"SECURE_ALWAYS"},"entryPoint":"handleCounter","updateTime":"1970-01-01T00:00:00Z","labels":{"deployment-tool":"cli-firebase","deployment-callable":"true","firebase-functions-hash":"41e588c8d1061255c6ba914641c228b7ef00b039"},"sourceUploadUrl":"https://storage.googleapis.com/uploads-914583875249.europe-west1.cloudfunctions.appspot.com/6c69c83f-af2e-45ea-89ad-1b77d7c305f0.zip?GoogleAccessId=service-534806090723@gcf-admin-robot.iam.gserviceaccount.com&Expires=1744578936&Signature=mntDIra%2Fy27JKvjvkgW9I1WpY7hR70EvtLdOFgu%2BvdxbrZ101O9UQg5%2FDekVFawc%2F2xPno%2BpIuwHFhHE1PgwBYi1v23T4%2FOpRNOIN6CJ1te7GOsVFsiq%2BAB4RNyQWcWqSDnDWBmMM1Gu%2FKRtVDcCoo5u3vkQAtq5XmJuJvWFRgXv3DDGzGhCsAGOEMa9cWmkV33pW11aDKkRfqC6MKiwpcEHwNI53Aqb98a%2BUgD1d67oCAD8Se3kwMImz4JJ7Zj4Q2zD8f34biU%2BabZQPIalsErhAaEni8hUMVMPtnAl1X4DtXT9ZDZDPORiiaKuipUErMEAYRliKZA861vn65nvWw%3D%3D","environmentVariables":{"FIREBASE_CONFIG":"{\"projectId\":\"codefez-github-site\",\"databaseURL\":\"https://codefez-github-site-default-rtdb.europe-west1.firebasedatabase.app\",\"storageBucket\":\"codefez-github-site.firebasestorage.app\"}","GCLOUD_PROJECT":"codefez-github-site","EVENTARC_CLOUD_EVENT_SOURCE":"projects/codefez-github-site/locations/europe-west1/functions/handleCounter"},"runtime":"nodejs20","buildEnvironmentVariables":{"GOOGLE_NODE_RUN_SCRIPTS":""},"dockerRegistry":"ARTIFACT_REGISTRY"},"versionId":"1","updateTime":"2025-04-13T20:45:43.931060826Z","buildId":"f500f605-2261-4461-98bd-a3dadf374186","buildName":"projects/534806090723/locations/europe-west1/builds/f500f605-2261-4461-98bd-a3dadf374186"}}
[debug] [2025-04-13T20:48:29.290Z] [create-default-europe-west1-handleCounter] Retrying task index 0
[debug] [2025-04-13T20:48:29.291Z] Checked if tokens are valid: true, expires at: 1744580026955
[debug] [2025-04-13T20:48:29.291Z] Checked if tokens are valid: true, expires at: 1744580026955
[debug] [2025-04-13T20:48:29.292Z] >>> [apiv2][query] GET https://cloudfunctions.googleapis.com/v1/operations/cHJvamVjdHMvY29kZWZlei1naXRodWItc2l0ZS9sb2NhdGlvbnMvZXVyb3BlLXdlc3QxL29wZXJhdGlvbnMvb3BlcmF0aW9uLTE3NDQ1NzcxNDMzODktNjMyYWYwNGVhM2U3My00ZDAwNzQ5OC0yODc1MDEzMg [none]
[debug] [2025-04-13T20:48:29.367Z] <<< [apiv2][status] GET https://cloudfunctions.googleapis.com/v1/operations/cHJvamVjdHMvY29kZWZlei1naXRodWItc2l0ZS9sb2NhdGlvbnMvZXVyb3BlLXdlc3QxL29wZXJhdGlvbnMvb3BlcmF0aW9uLTE3NDQ1NzcxNDMzODktNjMyYWYwNGVhM2U3My00ZDAwNzQ5OC0yODc1MDEzMg 200
[debug] [2025-04-13T20:48:29.368Z] <<< [apiv2][body] GET https://cloudfunctions.googleapis.com/v1/operations/cHJvamVjdHMvY29kZWZlei1naXRodWItc2l0ZS9sb2NhdGlvbnMvZXVyb3BlLXdlc3QxL29wZXJhdGlvbnMvb3BlcmF0aW9uLTE3NDQ1NzcxNDMzODktNjMyYWYwNGVhM2U3My00ZDAwNzQ5OC0yODc1MDEzMg {"name":"operations/cHJvamVjdHMvY29kZWZlei1naXRodWItc2l0ZS9sb2NhdGlvbnMvZXVyb3BlLXdlc3QxL29wZXJhdGlvbnMvb3BlcmF0aW9uLTE3NDQ1NzcxNDMzODktNjMyYWYwNGVhM2U3My00ZDAwNzQ5OC0yODc1MDEzMg","metadata":{"@type":"type.googleapis.com/google.cloud.functions.v1.OperationMetadataV1","target":"projects/codefez-github-site/locations/europe-west1/functions/handleCounter","type":"CREATE_FUNCTION","request":{"@type":"type.googleapis.com/google.cloud.functions.v1.CloudFunction","name":"projects/codefez-github-site/locations/europe-west1/functions/handleCounter","httpsTrigger":{"securityLevel":"SECURE_ALWAYS"},"entryPoint":"handleCounter","updateTime":"1970-01-01T00:00:00Z","labels":{"deployment-tool":"cli-firebase","deployment-callable":"true","firebase-functions-hash":"41e588c8d1061255c6ba914641c228b7ef00b039"},"sourceUploadUrl":"https://storage.googleapis.com/uploads-914583875249.europe-west1.cloudfunctions.appspot.com/6c69c83f-af2e-45ea-89ad-1b77d7c305f0.zip?GoogleAccessId=service-534806090723@gcf-admin-robot.iam.gserviceaccount.com&Expires=1744578936&Signature=mntDIra%2Fy27JKvjvkgW9I1WpY7hR70EvtLdOFgu%2BvdxbrZ101O9UQg5%2FDekVFawc%2F2xPno%2BpIuwHFhHE1PgwBYi1v23T4%2FOpRNOIN6CJ1te7GOsVFsiq%2BAB4RNyQWcWqSDnDWBmMM1Gu%2FKRtVDcCoo5u3vkQAtq5XmJuJvWFRgXv3DDGzGhCsAGOEMa9cWmkV33pW11aDKkRfqC6MKiwpcEHwNI53Aqb98a%2BUgD1d67oCAD8Se3kwMImz4JJ7Zj4Q2zD8f34biU%2BabZQPIalsErhAaEni8hUMVMPtnAl1X4DtXT9ZDZDPORiiaKuipUErMEAYRliKZA861vn65nvWw%3D%3D","environmentVariables":{"FIREBASE_CONFIG":"{\"projectId\":\"codefez-github-site\",\"databaseURL\":\"https://codefez-github-site-default-rtdb.europe-west1.firebasedatabase.app\",\"storageBucket\":\"codefez-github-site.firebasestorage.app\"}","GCLOUD_PROJECT":"codefez-github-site","EVENTARC_CLOUD_EVENT_SOURCE":"projects/codefez-github-site/locations/europe-west1/functions/handleCounter"},"runtime":"nodejs20","buildEnvironmentVariables":{"GOOGLE_NODE_RUN_SCRIPTS":""},"dockerRegistry":"ARTIFACT_REGISTRY"},"versionId":"1","updateTime":"2025-04-13T20:45:43.931060826Z","buildId":"f500f605-2261-4461-98bd-a3dadf374186","sourceToken":"5159b7d5-051f-478b-bf9b-3d882d5f7feb","buildName":"projects/534806090723/locations/europe-west1/builds/f500f605-2261-4461-98bd-a3dadf374186"}}
[debug] [2025-04-13T20:48:29.368Z] Got source token 5159b7d5-051f-478b-bf9b-3d882d5f7feb for region europe-west1
[debug] [2025-04-13T20:48:39.381Z] [create-default-europe-west1-handleCounter] Retrying task index 0
[debug] [2025-04-13T20:48:39.382Z] Checked if tokens are valid: true, expires at: 1744580026955
[debug] [2025-04-13T20:48:39.382Z] Checked if tokens are valid: true, expires at: 1744580026955
[debug] [2025-04-13T20:48:39.383Z] >>> [apiv2][query] GET https://cloudfunctions.googleapis.com/v1/operations/cHJvamVjdHMvY29kZWZlei1naXRodWItc2l0ZS9sb2NhdGlvbnMvZXVyb3BlLXdlc3QxL29wZXJhdGlvbnMvb3BlcmF0aW9uLTE3NDQ1NzcxNDMzODktNjMyYWYwNGVhM2U3My00ZDAwNzQ5OC0yODc1MDEzMg [none]
[debug] [2025-04-13T20:48:39.459Z] <<< [apiv2][status] GET https://cloudfunctions.googleapis.com/v1/operations/cHJvamVjdHMvY29kZWZlei1naXRodWItc2l0ZS9sb2NhdGlvbnMvZXVyb3BlLXdlc3QxL29wZXJhdGlvbnMvb3BlcmF0aW9uLTE3NDQ1NzcxNDMzODktNjMyYWYwNGVhM2U3My00ZDAwNzQ5OC0yODc1MDEzMg 200
[debug] [2025-04-13T20:48:39.460Z] <<< [apiv2][body] GET https://cloudfunctions.googleapis.com/v1/operations/cHJvamVjdHMvY29kZWZlei1naXRodWItc2l0ZS9sb2NhdGlvbnMvZXVyb3BlLXdlc3QxL29wZXJhdGlvbnMvb3BlcmF0aW9uLTE3NDQ1NzcxNDMzODktNjMyYWYwNGVhM2U3My00ZDAwNzQ5OC0yODc1MDEzMg {"name":"operations/cHJvamVjdHMvY29kZWZlei1naXRodWItc2l0ZS9sb2NhdGlvbnMvZXVyb3BlLXdlc3QxL29wZXJhdGlvbnMvb3BlcmF0aW9uLTE3NDQ1NzcxNDMzODktNjMyYWYwNGVhM2U3My00ZDAwNzQ5OC0yODc1MDEzMg","metadata":{"@type":"type.googleapis.com/google.cloud.functions.v1.OperationMetadataV1","target":"projects/codefez-github-site/locations/europe-west1/functions/handleCounter","type":"CREATE_FUNCTION","request":{"@type":"type.googleapis.com/google.cloud.functions.v1.CloudFunction","name":"projects/codefez-github-site/locations/europe-west1/functions/handleCounter","httpsTrigger":{"securityLevel":"SECURE_ALWAYS"},"entryPoint":"handleCounter","updateTime":"1970-01-01T00:00:00Z","labels":{"deployment-tool":"cli-firebase","deployment-callable":"true","firebase-functions-hash":"41e588c8d1061255c6ba914641c228b7ef00b039"},"sourceUploadUrl":"https://storage.googleapis.com/uploads-914583875249.europe-west1.cloudfunctions.appspot.com/6c69c83f-af2e-45ea-89ad-1b77d7c305f0.zip?GoogleAccessId=service-534806090723@gcf-admin-robot.iam.gserviceaccount.com&Expires=1744578936&Signature=mntDIra%2Fy27JKvjvkgW9I1WpY7hR70EvtLdOFgu%2BvdxbrZ101O9UQg5%2FDekVFawc%2F2xPno%2BpIuwHFhHE1PgwBYi1v23T4%2FOpRNOIN6CJ1te7GOsVFsiq%2BAB4RNyQWcWqSDnDWBmMM1Gu%2FKRtVDcCoo5u3vkQAtq5XmJuJvWFRgXv3DDGzGhCsAGOEMa9cWmkV33pW11aDKkRfqC6MKiwpcEHwNI53Aqb98a%2BUgD1d67oCAD8Se3kwMImz4JJ7Zj4Q2zD8f34biU%2BabZQPIalsErhAaEni8hUMVMPtnAl1X4DtXT9ZDZDPORiiaKuipUErMEAYRliKZA861vn65nvWw%3D%3D","environmentVariables":{"FIREBASE_CONFIG":"{\"projectId\":\"codefez-github-site\",\"databaseURL\":\"https://codefez-github-site-default-rtdb.europe-west1.firebasedatabase.app\",\"storageBucket\":\"codefez-github-site.firebasestorage.app\"}","GCLOUD_PROJECT":"codefez-github-site","EVENTARC_CLOUD_EVENT_SOURCE":"projects/codefez-github-site/locations/europe-west1/functions/handleCounter"},"runtime":"nodejs20","buildEnvironmentVariables":{"GOOGLE_NODE_RUN_SCRIPTS":""},"dockerRegistry":"ARTIFACT_REGISTRY"},"versionId":"1","updateTime":"2025-04-13T20:46:54.103783804Z","buildId":"f500f605-2261-4461-98bd-a3dadf374186","sourceToken":"5159b7d5-051f-478b-bf9b-3d882d5f7feb","buildName":"projects/534806090723/locations/europe-west1/builds/f500f605-2261-4461-98bd-a3dadf374186"},"done":true,"response":{"@type":"type.googleapis.com/google.cloud.functions.v1.CloudFunction","name":"projects/codefez-github-site/locations/europe-west1/functions/handleCounter","httpsTrigger":{"url":"https://europe-west1-codefez-github-site.cloudfunctions.net/handleCounter","securityLevel":"SECURE_ALWAYS"},"status":"ACTIVE","entryPoint":"handleCounter","timeout":"60s","availableMemoryMb":256,"serviceAccountEmail":"codefez-github-site@appspot.gserviceaccount.com","updateTime":"2025-04-13T20:45:43.927995396Z","versionId":"1","labels":{"deployment-tool":"cli-firebase","deployment-callable":"true","firebase-functions-hash":"41e588c8d1061255c6ba914641c228b7ef00b039"},"sourceUploadUrl":"https://storage.googleapis.com/uploads-914583875249.europe-west1.cloudfunctions.appspot.com/6c69c83f-af2e-45ea-89ad-1b77d7c305f0.zip","environmentVariables":{"FIREBASE_CONFIG":"{\"projectId\":\"codefez-github-site\",\"databaseURL\":\"https://codefez-github-site-default-rtdb.europe-west1.firebasedatabase.app\",\"storageBucket\":\"codefez-github-site.firebasestorage.app\"}","GCLOUD_PROJECT":"codefez-github-site","EVENTARC_CLOUD_EVENT_SOURCE":"projects/codefez-github-site/locations/europe-west1/functions/handleCounter"},"runtime":"nodejs20","ingressSettings":"ALLOW_ALL","buildId":"f500f605-2261-4461-98bd-a3dadf374186","buildEnvironmentVariables":{"GOOGLE_NODE_RUN_SCRIPTS":""},"buildName":"projects/534806090723/locations/europe-west1/builds/f500f605-2261-4461-98bd-a3dadf374186","dockerRegistry":"ARTIFACT_REGISTRY","automaticUpdatePolicy":{},"buildServiceAccount":"projects/codefez-github-site/serviceAccounts/534806090723-compute@developer.gserviceaccount.com"}}
[debug] [2025-04-13T20:48:39.460Z] Got source token 5159b7d5-051f-478b-bf9b-3d882d5f7feb for region europe-west1
[debug] [2025-04-13T20:48:39.461Z] Checked if tokens are valid: true, expires at: 1744580026955
[debug] [2025-04-13T20:48:39.461Z] Checked if tokens are valid: true, expires at: 1744580026955
[debug] [2025-04-13T20:48:39.462Z] >>> [apiv2][query] POST https://cloudfunctions.googleapis.com/v1/projects/codefez-github-site/locations/europe-west1/functions/handleCounter:setIamPolicy [none]
[debug] [2025-04-13T20:48:39.462Z] >>> [apiv2][body] POST https://cloudfunctions.googleapis.com/v1/projects/codefez-github-site/locations/europe-west1/functions/handleCounter:setIamPolicy {"policy":{"bindings":[{"role":"roles/cloudfunctions.invoker","members":["allUsers"]}],"etag":"","version":3},"updateMask":"bindings,etag,version"}
[debug] [2025-04-13T20:48:39.981Z] <<< [apiv2][status] POST https://cloudfunctions.googleapis.com/v1/projects/codefez-github-site/locations/europe-west1/functions/handleCounter:setIamPolicy 200
[debug] [2025-04-13T20:48:39.981Z] <<< [apiv2][body] POST https://cloudfunctions.googleapis.com/v1/projects/codefez-github-site/locations/europe-west1/functions/handleCounter:setIamPolicy {"version":1,"etag":"BwYyrwmGe7s=","bindings":[{"role":"roles/cloudfunctions.invoker","members":["allUsers"]}]}
[info] +  functions[handleCounter(europe-west1)] Successful create operation. 
[debug] [2025-04-13T20:48:39.986Z] Total Function Deployment time: 77529
[debug] [2025-04-13T20:48:39.986Z] 2 Functions Deployed
[debug] [2025-04-13T20:48:39.987Z] 0 Functions Errored
[debug] [2025-04-13T20:48:39.987Z] 0 Function Deployments Aborted
[debug] [2025-04-13T20:48:39.987Z] Average Function Deployment time: 40075.5
[debug] [2025-04-13T20:48:40.020Z] Checked if tokens are valid: true, expires at: 1744580026955
[debug] [2025-04-13T20:48:40.020Z] Checked if tokens are valid: true, expires at: 1744580026955
[debug] [2025-04-13T20:48:40.020Z] >>> [apiv2][query] GET https://artifactregistry.googleapis.com/v1/projects/codefez-github-site/locations/europe-west1/repositories/gcf-artifacts [none]
[debug] [2025-04-13T20:48:40.102Z] <<< [apiv2][status] GET https://artifactregistry.googleapis.com/v1/projects/codefez-github-site/locations/europe-west1/repositories/gcf-artifacts 200
[debug] [2025-04-13T20:48:40.103Z] <<< [apiv2][body] GET https://artifactregistry.googleapis.com/v1/projects/codefez-github-site/locations/europe-west1/repositories/gcf-artifacts {"name":"projects/codefez-github-site/locations/europe-west1/repositories/gcf-artifacts","format":"DOCKER","description":"This repository is created and used by Cloud Functions for storing function docker images.","labels":{"goog-managed-by":"cloudfunctions"},"createTime":"2025-04-10T14:01:35.059293Z","updateTime":"2025-04-13T20:46:34.487045Z","mode":"STANDARD_REPOSITORY","cleanupPolicies":{"firebase-functions-cleanup":{"id":"firebase-functions-cleanup","action":"DELETE","condition":{"tagState":"ANY","olderThan":"86400s"}}},"sizeBytes":"513827912","vulnerabilityScanningConfig":{"lastEnableTime":"2025-04-10T14:01:26.477347188Z","enablementState":"SCANNING_DISABLED","enablementStateReason":"API containerscanning.googleapis.com is not enabled."},"satisfiesPzi":true,"registryUri":"europe-west1-docker.pkg.dev/codefez-github-site/gcf-artifacts"}
[info] 
[info] +  Deploy complete! 
[info] 
[info] Project Console: https://console.firebase.google.com/project/codefez-github-site/overview
